ALLOWED networkd-dispatcher//null-/usr/lib/networkd-dispatcher/routable.d/postfix//null-/usr/bin/cp open /usr/lib/locale/C.utf8/LC_TIME comm=cp requested_mask=r denied_mask=r
ALLOWED networkd-dispatcher//null-/usr/lib/networkd-dispatcher/routable.d/postfix//null-/usr/bin/cp open /usr/lib/locale/C.utf8/LC_NUMERIC comm=cp requested_mask=r denied_mask=r
ALLOWED networkd-dispatcher//null-/usr/lib/networkd-dispatcher/routable.d/postfix//null-/usr/bin/cp open /usr/lib/locale/C.utf8/LC_CTYPE comm=cp requested_mask=r denied_mask=r
ALLOWED networkd-dispatcher//null-/usr/lib/networkd-dispatcher/routable.d/postfix//null-/usr/bin/cp open /run/systemd/resolve/stub-resolv.conf comm=cp requested_mask=r denied_mask=r
ALLOWED networkd-dispatcher//null-/usr/lib/networkd-dispatcher/routable.d/postfix//null-/usr/bin/cp open /var/spool/postfix/etc/resolv.conf comm=cp requested_mask=w denied_mask=w
ALLOWED networkd-dispatcher//null-/usr/lib/networkd-dispatcher/routable.d/postfix//null-/usr/bin/cp truncate /var/spool/postfix/etc/resolv.conf comm=cp requested_mask=w denied_mask=w
DENIED  snap-update-ns.lxd capable capability=2 capname=dac_read_search
ALLOWED cron mknod /run/faillock/root comm=cron requested_mask=c denied_mask=c
ALLOWED cron open /run/faillock/root comm=cron requested_mask=wrc denied_mask=wrc
ALLOWED cron file_lock /run/faillock/root comm=cron requested_mask=wk denied_mask=wk
vagrant@ubuntu-jammy:~$ tail aa.log -n 50
ALLOWED networkd-dispatcher//null-/usr/lib/networkd-dispatcher/routable.d/postfix//null-/usr/sbin/postconf file_mmap /usr/lib/x86_64-linux-gnu/libk5crypto.so.3.1 comm=postconf requested_mask=rm denied_mask=rm
ALLOWED networkd-dispatcher//null-/usr/lib/networkd-dispatcher/routable.d/postfix//null-/usr/sbin/postconf open /usr/lib/x86_64-linux-gnu/libcom_err.so.2.1 comm=postconf requested_mask=r denied_mask=r
ALLOWED networkd-dispatcher//null-/usr/lib/networkd-dispatcher/routable.d/postfix//null-/usr/sbin/postconf file_mmap /usr/lib/x86_64-linux-gnu/libcom_err.so.2.1 comm=postconf requested_mask=rm denied_mask=rm
ALLOWED networkd-dispatcher//null-/usr/lib/networkd-dispatcher/routable.d/postfix//null-/usr/sbin/postconf open /usr/lib/x86_64-linux-gnu/libkrb5support.so.0.1 comm=postconf requested_mask=r denied_mask=r
ALLOWED networkd-dispatcher//null-/usr/lib/networkd-dispatcher/routable.d/postfix//null-/usr/sbin/postconf file_mmap /usr/lib/x86_64-linux-gnu/libkrb5support.so.0.1 comm=postconf requested_mask=rm denied_mask=rm
ALLOWED networkd-dispatcher//null-/usr/lib/networkd-dispatcher/routable.d/postfix//null-/usr/sbin/postconf open /usr/lib/x86_64-linux-gnu/libkeyutils.so.1.9 comm=postconf requested_mask=r denied_mask=r
ALLOWED networkd-dispatcher//null-/usr/lib/networkd-dispatcher/routable.d/postfix//null-/usr/sbin/postconf file_mmap /usr/lib/x86_64-linux-gnu/libkeyutils.so.1.9 comm=postconf requested_mask=rm denied_mask=rm
ALLOWED networkd-dispatcher//null-/usr/lib/networkd-dispatcher/routable.d/postfix//null-/usr/sbin/postconf open /usr/lib/x86_64-linux-gnu/libresolv.so.2 comm=postconf requested_mask=r denied_mask=r
ALLOWED networkd-dispatcher//null-/usr/lib/networkd-dispatcher/routable.d/postfix//null-/usr/sbin/postconf file_mmap /usr/lib/x86_64-linux-gnu/libresolv.so.2 comm=postconf requested_mask=rm denied_mask=rm
ALLOWED networkd-dispatcher//null-/usr/lib/networkd-dispatcher/routable.d/postfix//null-/usr/sbin/postconf open /etc/postfix/main.cf comm=postconf requested_mask=r denied_mask=r
ALLOWED networkd-dispatcher//null-/usr/lib/networkd-dispatcher/routable.d/postfix//null-/usr/sbin/postconf open /etc/postfix/master.cf comm=postconf requested_mask=r denied_mask=r
ALLOWED networkd-dispatcher//null-/usr/lib/networkd-dispatcher/routable.d/postfix exec /usr/bin/cp comm=postfix requested_mask=x denied_mask=x
ALLOWED networkd-dispatcher//null-/usr/lib/networkd-dispatcher/routable.d/postfix//null-/usr/bin/cp file_inherit /dev/null comm=cp requested_mask=w denied_mask=w
ALLOWED networkd-dispatcher//null-/usr/lib/networkd-dispatcher/routable.d/postfix//null-/usr/bin/cp file_mmap /usr/bin/cp comm=cp requested_mask=r denied_mask=r
ALLOWED networkd-dispatcher//null-/usr/lib/networkd-dispatcher/routable.d/postfix//null-/usr/bin/cp file_mmap /usr/lib/x86_64-linux-gnu/ld-linux-x86-64.so.2 comm=cp requested_mask=r denied_mask=r
ALLOWED networkd-dispatcher//null-/usr/lib/networkd-dispatcher/routable.d/postfix//null-/usr/bin/cp open /etc/ld.so.cache comm=cp requested_mask=r denied_mask=r
ALLOWED networkd-dispatcher//null-/usr/lib/networkd-dispatcher/routable.d/postfix//null-/usr/bin/cp open /usr/lib/x86_64-linux-gnu/libselinux.so.1 comm=cp requested_mask=r denied_mask=r
ALLOWED networkd-dispatcher//null-/usr/lib/networkd-dispatcher/routable.d/postfix//null-/usr/bin/cp file_mmap /usr/lib/x86_64-linux-gnu/libselinux.so.1 comm=cp requested_mask=rm denied_mask=rm
ALLOWED networkd-dispatcher//null-/usr/lib/networkd-dispatcher/routable.d/postfix//null-/usr/bin/cp open /usr/lib/x86_64-linux-gnu/libacl.so.1.1.2301 comm=cp requested_mask=r denied_mask=r
ALLOWED networkd-dispatcher//null-/usr/lib/networkd-dispatcher/routable.d/postfix//null-/usr/bin/cp file_mmap /usr/lib/x86_64-linux-gnu/libacl.so.1.1.2301 comm=cp requested_mask=rm denied_mask=rm
ALLOWED networkd-dispatcher//null-/usr/lib/networkd-dispatcher/routable.d/postfix//null-/usr/bin/cp open /usr/lib/x86_64-linux-gnu/libattr.so.1.1.2501 comm=cp requested_mask=r denied_mask=r
ALLOWED networkd-dispatcher//null-/usr/lib/networkd-dispatcher/routable.d/postfix//null-/usr/bin/cp file_mmap /usr/lib/x86_64-linux-gnu/libattr.so.1.1.2501 comm=cp requested_mask=rm denied_mask=rm
ALLOWED networkd-dispatcher//null-/usr/lib/networkd-dispatcher/routable.d/postfix//null-/usr/bin/cp open /usr/lib/x86_64-linux-gnu/libc.so.6 comm=cp requested_mask=r denied_mask=r
ALLOWED networkd-dispatcher//null-/usr/lib/networkd-dispatcher/routable.d/postfix//null-/usr/bin/cp file_mmap /usr/lib/x86_64-linux-gnu/libc.so.6 comm=cp requested_mask=rm denied_mask=rm
ALLOWED networkd-dispatcher//null-/usr/lib/networkd-dispatcher/routable.d/postfix//null-/usr/bin/cp open /usr/lib/x86_64-linux-gnu/libpcre2-8.so.0.10.4 comm=cp requested_mask=r denied_mask=r
ALLOWED networkd-dispatcher//null-/usr/lib/networkd-dispatcher/routable.d/postfix//null-/usr/bin/cp file_mmap /usr/lib/x86_64-linux-gnu/libpcre2-8.so.0.10.4 comm=cp requested_mask=rm denied_mask=rm
ALLOWED networkd-dispatcher//null-/usr/lib/networkd-dispatcher/routable.d/postfix//null-/usr/bin/cp open /proc/filesystems comm=cp requested_mask=r denied_mask=r
ALLOWED networkd-dispatcher//null-/usr/lib/networkd-dispatcher/routable.d/postfix//null-/usr/bin/cp open /usr/lib/locale/locale-archive comm=cp requested_mask=r denied_mask=r
ALLOWED networkd-dispatcher//null-/usr/lib/networkd-dispatcher/routable.d/postfix//null-/usr/bin/cp open /etc/locale.alias comm=cp requested_mask=r denied_mask=r
ALLOWED networkd-dispatcher//null-/usr/lib/networkd-dispatcher/routable.d/postfix//null-/usr/bin/cp open /usr/lib/locale/C.utf8/LC_IDENTIFICATION comm=cp requested_mask=r denied_mask=r
ALLOWED networkd-dispatcher//null-/usr/lib/networkd-dispatcher/routable.d/postfix//null-/usr/bin/cp open /usr/lib/x86_64-linux-gnu/gconv/gconv-modules.cache comm=cp requested_mask=r denied_mask=r
ALLOWED networkd-dispatcher//null-/usr/lib/networkd-dispatcher/routable.d/postfix//null-/usr/bin/cp open /usr/lib/locale/C.utf8/LC_MEASUREMENT comm=cp requested_mask=r denied_mask=r
ALLOWED networkd-dispatcher//null-/usr/lib/networkd-dispatcher/routable.d/postfix//null-/usr/bin/cp open /usr/lib/locale/C.utf8/LC_TELEPHONE comm=cp requested_mask=r denied_mask=r
ALLOWED networkd-dispatcher//null-/usr/lib/networkd-dispatcher/routable.d/postfix//null-/usr/bin/cp open /usr/lib/locale/C.utf8/LC_ADDRESS comm=cp requested_mask=r denied_mask=r
ALLOWED networkd-dispatcher//null-/usr/lib/networkd-dispatcher/routable.d/postfix//null-/usr/bin/cp open /usr/lib/locale/C.utf8/LC_NAME comm=cp requested_mask=r denied_mask=r
ALLOWED networkd-dispatcher//null-/usr/lib/networkd-dispatcher/routable.d/postfix//null-/usr/bin/cp open /usr/lib/locale/C.utf8/LC_PAPER comm=cp requested_mask=r denied_mask=r
ALLOWED networkd-dispatcher//null-/usr/lib/networkd-dispatcher/routable.d/postfix//null-/usr/bin/cp open /usr/lib/locale/C.utf8/LC_MESSAGES/ comm=cp requested_mask=r denied_mask=r
ALLOWED networkd-dispatcher//null-/usr/lib/networkd-dispatcher/routable.d/postfix//null-/usr/bin/cp open /usr/lib/locale/C.utf8/LC_MESSAGES/SYS_LC_MESSAGES comm=cp requested_mask=r denied_mask=r
ALLOWED networkd-dispatcher//null-/usr/lib/networkd-dispatcher/routable.d/postfix//null-/usr/bin/cp open /usr/lib/locale/C.utf8/LC_MONETARY comm=cp requested_mask=r denied_mask=r
ALLOWED networkd-dispatcher//null-/usr/lib/networkd-dispatcher/routable.d/postfix//null-/usr/bin/cp open /usr/lib/locale/C.utf8/LC_COLLATE comm=cp requested_mask=r denied_mask=r
ALLOWED networkd-dispatcher//null-/usr/lib/networkd-dispatcher/routable.d/postfix//null-/usr/bin/cp open /usr/lib/locale/C.utf8/LC_TIME comm=cp requested_mask=r denied_mask=r
ALLOWED networkd-dispatcher//null-/usr/lib/networkd-dispatcher/routable.d/postfix//null-/usr/bin/cp open /usr/lib/locale/C.utf8/LC_NUMERIC comm=cp requested_mask=r denied_mask=r
ALLOWED networkd-dispatcher//null-/usr/lib/networkd-dispatcher/routable.d/postfix//null-/usr/bin/cp open /usr/lib/locale/C.utf8/LC_CTYPE comm=cp requested_mask=r denied_mask=r
ALLOWED networkd-dispatcher//null-/usr/lib/networkd-dispatcher/routable.d/postfix//null-/usr/bin/cp open /run/systemd/resolve/stub-resolv.conf comm=cp requested_mask=r denied_mask=r
ALLOWED networkd-dispatcher//null-/usr/lib/networkd-dispatcher/routable.d/postfix//null-/usr/bin/cp open /var/spool/postfix/etc/resolv.conf comm=cp requested_mask=w denied_mask=w
ALLOWED networkd-dispatcher//null-/usr/lib/networkd-dispatcher/routable.d/postfix//null-/usr/bin/cp truncate /var/spool/postfix/etc/resolv.conf comm=cp requested_mask=w denied_mask=w
DENIED  snap-update-ns.lxd capable capability=2 capname=dac_read_search
ALLOWED cron mknod /run/faillock/root comm=cron requested_mask=c denied_mask=c
ALLOWED cron open /run/faillock/root comm=cron requested_mask=wrc denied_mask=wrc
ALLOWED cron file_lock /run/faillock/root comm=cron requested_mask=wk denied_mask=wk